2026-03-03 14:07:17,890 - INFO - add | 5.0, 3.0 -> 8.0
2026-03-03 14:09:58,082 - INFO - add | 10.0, 5.0 -> 15.0
2026-03-03 14:09:58,083 - INFO - add | 2.0, 3.0 -> 5.0
2026-03-03 14:10:15,536 - ERROR - Unsupported operation: historyadd
2026-03-03 14:10:15,538 - INFO - add | 2.0, 3.0 -> 5.0
2026-03-03 14:11:03,389 - ERROR - Unsupported operation: historyadd
2026-03-03 14:11:20,850 - INFO - add | 10.0, 5.0 -> 15.0
2026-03-03 14:11:25,781 - INFO - add | 2.0, 3.0 -> 5.0
2026-03-03 14:11:36,788 - INFO - Undo performed.
2026-03-03 14:14:59,275 - INFO - Redo performed.
2026-03-03 14:18:01,543 - INFO - add | 10.0, 5.0 -> 15.0
2026-03-03 14:18:04,400 - INFO - add | 2.0, 3.0 -> 5.0
2026-03-03 14:18:09,228 - INFO - Undo performed.
2026-03-03 14:18:14,674 - INFO - Redo performed.
2026-03-03 14:21:46,237 - INFO - add | 10.0, 5.0 -> 15.0
2026-03-03 14:21:49,805 - INFO - add | 2.0, 3.0 -> 5.0
2026-03-03 14:21:57,567 - INFO - Undo performed.
2026-03-03 14:22:04,636 - INFO - Redo performed.
2026-03-03 14:32:26,248 - INFO - New Calculation Logged | add | 7.0, 3.0 -> 10.0
2026-03-03 14:32:26,250 - INFO - add | 7.0, 3.0 -> 10.0
2026-03-03 14:39:14,778 - INFO - New Calculation Logged | add | 20.0, 5.0 -> 25.0
2026-03-03 14:39:14,780 - INFO - add | 20.0, 5.0 -> 25.0
2026-03-03 14:39:38,637 - INFO - New Calculation Logged | add | 20.0, 5.0 -> 25.0
2026-03-03 14:39:38,642 - INFO - add | 20.0, 5.0 -> 25.0
2026-03-03 14:39:41,467 - INFO - New Calculation Logged | add | 3.0, 7.0 -> 10.0
2026-03-03 14:39:41,471 - INFO - add | 3.0, 7.0 -> 10.0
